<?xml version="1.0" encoding="UTF-8" ?>
<testsuite tests="1" failures="0" name="Batch5.AppTest" time="0.006" errors="0" skipped="0">
  <properties>
    <property name="java.vendor" value="AdoptOpenJDK"/>
    <property name="sun.java.launcher" value="SUN_STANDARD"/>
    <property name="os.name" value="Windows 10"/>
    <property name="sun.desktop" value="windows"/>
    <property name="java.vm.specification.vendor" value="Oracle Corporation"/>
    <property name="java.runtime.version" value="11.0.8+10"/>
    <property name="user.name" value="KrishnaDhotre"/>
    <property name="java.compiler" value="j9jit29"/>
    <property name="os.encoding" value="UTF8"/>
    <property name="guice.disable.misplaced.annotation.check" value="true"/>
    <property name="com.ibm.util.extralibs.properties" value=""/>
    <property name="com.ibm.jcl.checkClassPath" value=""/>
    <property name="user.language" value="en"/>
    <property name="com.ibm.oti.vm.bootstrap.library.path" value="C:\Users\KrishnaDhotre\Documents\jdk-11.0.8\bin\compressedrefs;C:\Users\KrishnaDhotre\Documents\jdk-11.0.8\bin"/>
    <property name="sun.boot.library.path" value="C:\Users\KrishnaDhotre\Documents\jdk-11.0.8\bin\compressedrefs;C:\Users\KrishnaDhotre\Documents\jdk-11.0.8\bin"/>
    <property name="classworlds.conf" value="C:\Users\KrishnaDhotre\Documents\IBM_2020\SDET\SoapUI_Project\.metadata\.plugins\org.eclipse.m2e.launching\launches\m2conf4647503869565016660.tmp"/>
    <property name="jdk.extensions.version" value="11.0.8.0"/>
    <property name="java.version" value="11.0.8"/>
    <property name="user.timezone" value="Asia/Calcutta"/>
    <property name="com.ibm.system.agent.path" value="C:\Users\KrishnaDhotre\Documents\jdk-11.0.8\bin"/>
    <property name="sun.arch.data.model" value="64"/>
    <property name="com.ibm.oti.vm.library.version" value="29"/>
    <property name="sun.jnu.encoding" value="Cp1252"/>
    <property name="file.encoding.pkg" value="sun.io"/>
    <property name="file.separator" value="\"/>
    <property name="java.specification.name" value="Java Platform API Specification"/>
    <property name="java.class.version" value="55.0"/>
    <property name="user.country" value="IN"/>
    <property name="java.home" value="C:\Users\KrishnaDhotre\Documents\jdk-11.0.8"/>
    <property name="java.vm.info" value="JRE 11 Windows 10 amd64-64-Bit Compressed References 20200715_679 (JIT enabled, AOT enabled)
OpenJ9   - 34cf4c075
OMR      - 113e54219
JCL      - 95bb504fbb based on jdk-11.0.8+10"/>
    <property name="os.version" value="10.0"/>
    <property name="java.awt.fonts" value=""/>
    <property name="path.separator" value=";"/>
    <property name="java.vm.version" value="openj9-0.21.0"/>
    <property name="user.variant" value=""/>
    <property name="java.awt.printerjob" value="sun.awt.windows.WPrinterJob"/>
    <property name="jdk.extensions.name" value="Extensions for OpenJDK for Eclipse OpenJ9"/>
    <property name="sun.io.unicode.encoding" value="UnicodeLittle"/>
    <property name="awt.toolkit" value="sun.awt.windows.WToolkit"/>
    <property name="ibm.signalhandling.sigint" value="true"/>
    <property name="user.home" value="C:\Users\KrishnaDhotre"/>
    <property name="com.ibm.cpu.endian" value="little"/>
    <property name="java.version.date" value="2020-07-14"/>
    <property name="java.specification.vendor" value="Oracle Corporation"/>
    <property name="ibm.signalhandling.sigchain" value="true"/>
    <property name="java.library.path" value="C:\Users\KrishnaDhotre\Documents\jdk-11.0.8\bin\compressedrefs;C:\Users\KrishnaDhotre\Documents\jdk-11.0.8\bin;C:\WINDOWS\system32;C:\WINDOWS;C:/Users/KrishnaDhotre/Documents/jdk-11.0.8/bin/j9vm;C:/Users/KrishnaDhotre/Documents/jdk-11.0.8/bin;C:\Program Files\Intel\iCLS Client\;C:\WINDOWS\system32;C:\WINDOWS;C:\WINDOWS\System32\Wbem;C:\WINDOWS\System32\WindowsPowerShell\v1.0\;C:\WINDOWS\System32\OpenSSH\;C:\Program Files (x86)\Intel\Intel(R) Management Engine Components\DAL;C:\Program Files\Intel\Intel(R) Management Engine Components\DAL;C:\Program Files\Intel\WiFi\bin\;C:\Program Files\Common Files\Intel\WirelessCommon\;C:\Users\KrishnaDhotre\Documents\soap_workspace\apache-ant-1.10.5-bin\apache-ant-1.10.5\bin;C:\Users\KrishnaDhotre\Documents\jdk-11.0.8\bin\;C:\Program Files\PuTTY\;C:\Users\KrishnaDhotre\AppData\Local\GitHubDesktop\app-2.5.7\resources\app\git\cmd;C:\Program Files\Git\cmd;C:\Users\KrishnaDhotre\Documents\apache-maven-3.6.3\bin;C:\Users\KrishnaDhotre\AppData\Local\Programs\Python\Python39-32\Scripts\;C:\Users\KrishnaDhotre\AppData\Local\Programs\Python\Python39-32\;C:\Users\KrishnaDhotre\AppData\Local\Microsoft\WindowsApps;C:\Program Files\Intel\WiFi\bin\;C:\Program Files\Common Files\Intel\WirelessCommon\;C:\Users\KrishnaDhotre\AppData\Local\GitHubDesktop\bin;C:\Users\KrishnaDhotre\Documents\eclipse-java-2020-06-R-win32-x86_64\eclipse;;."/>
    <property name="java.vendor.url" value="https://adoptopenjdk.net/"/>
    <property name="java.vm.vendor" value="Eclipse OpenJ9"/>
    <property name="java.fullversion" value="11.0.8+10
JRE 11 Windows 10 amd64-64-Bit Compressed References 20200715_679 (JIT enabled, AOT enabled)
OpenJ9   - 34cf4c075
OMR      - 113e54219
JCL      - 95bb504fbb based on jdk-11.0.8+10"/>
    <property name="maven.home" value="C:\Users\KrishnaDhotre\Documents\IBM_2020\SDET\SoapUI_Project\batch5.sdet.rest\EMBEDDED"/>
    <property name="java.runtime.name" value="OpenJDK Runtime Environment"/>
    <property name="sun.java.command" value="org.codehaus.plexus.classworlds.launcher.Launcher -B test"/>
    <property name="java.class.path" value="C:\Users\KrishnaDhotre\Documents\eclipse-java-2020-06-R-win32-x86_64\eclipse\plugins\org.eclipse.m2e.maven.runtime_1.16.0.20200610-1735\jars\plexus-classworlds-2.6.0.jar"/>
    <property name="java.vm.specification.name" value="Java Virtual Machine Specification"/>
    <property name="java.vm.specification.version" value="11"/>
    <property name="sun.cpu.endian" value="little"/>
    <property name="java.io.tmpdir" value="C:\Users\KRISHN~1\AppData\Local\Temp\"/>
    <property name="java.vendor.url.bug" value="https://github.com/AdoptOpenJDK/openjdk-support/issues"/>
    <property name="maven.multiModuleProjectDirectory" value="C:\Users\KrishnaDhotre\Documents\IBM_2020\SDET\SoapUI_Project\batch5.sdet.rest"/>
    <property name="ibm.system.encoding" value="Cp1252"/>
    <property name="os.arch" value="amd64"/>
    <property name="java.awt.graphicsenv" value="sun.awt.Win32GraphicsEnvironment"/>
    <property name="ibm.signalhandling.rs" value="false"/>
    <property name="user.dir" value="C:\Users\KrishnaDhotre\Documents\IBM_2020\SDET\SoapUI_Project\batch5.sdet.rest"/>
    <property name="line.separator" value="
"/>
    <property name="java.vm.name" value="Eclipse OpenJ9 VM"/>
    <property name="com.ibm.oti.shared.enabled" value="false"/>
    <property name="com.ibm.vm.bitmode" value="64"/>
    <property name="file.encoding" value="Cp1252"/>
    <property name="java.specification.version" value="11"/>
    <property name="com.ibm.oti.configuration" value="scar"/>
    <property name="java.vendor.version" value="AdoptOpenJDK"/>
  </properties>
  <testcase classname="Batch5.AppTest" name="testApp" time="0.006"/>
</testsuite>